0 info it worked if it ends with ok
1 verbose cli [ 'node',
1 verbose cli   '/usr/local/bin/npm',
1 verbose cli   'install',
1 verbose cli   '--save',
1 verbose cli   'ExecutionEnvironment' ]
2 info using npm@2.11.3
3 info using node@v0.12.7
4 verbose install initial load of /Users/Fox/Documents/Programming/quake/package.json
5 verbose installManyTop reading scoped package data from /Users/Fox/Documents/Programming/quake/node_modules/accepts/package.json
6 verbose installManyTop reading scoped package data from /Users/Fox/Documents/Programming/quake/node_modules/apicache/package.json
7 verbose installManyTop reading scoped package data from /Users/Fox/Documents/Programming/quake/node_modules/array-flatten/package.json
8 verbose installManyTop reading scoped package data from /Users/Fox/Documents/Programming/quake/node_modules/babel-preset-es2015/package.json
9 verbose installManyTop reading scoped package data from /Users/Fox/Documents/Programming/quake/node_modules/babel-preset-react/package.json
10 verbose installManyTop reading scoped package data from /Users/Fox/Documents/Programming/quake/node_modules/babel-preset-stage-0/package.json
11 verbose installManyTop reading scoped package data from /Users/Fox/Documents/Programming/quake/node_modules/babelify/package.json
12 verbose installManyTop reading scoped package data from /Users/Fox/Documents/Programming/quake/node_modules/body-parser/package.json
13 verbose installManyTop reading scoped package data from /Users/Fox/Documents/Programming/quake/node_modules/browserify/package.json
14 verbose installManyTop reading scoped package data from /Users/Fox/Documents/Programming/quake/node_modules/content-disposition/package.json
15 verbose installManyTop reading scoped package data from /Users/Fox/Documents/Programming/quake/node_modules/content-type/package.json
16 verbose installManyTop reading scoped package data from /Users/Fox/Documents/Programming/quake/node_modules/cookie/package.json
17 verbose installManyTop reading scoped package data from /Users/Fox/Documents/Programming/quake/node_modules/cookie-signature/package.json
18 verbose installManyTop reading scoped package data from /Users/Fox/Documents/Programming/quake/node_modules/cors/package.json
19 verbose installManyTop reading scoped package data from /Users/Fox/Documents/Programming/quake/node_modules/datamaps/package.json
20 verbose installManyTop reading scoped package data from /Users/Fox/Documents/Programming/quake/node_modules/debug/package.json
21 verbose installManyTop reading scoped package data from /Users/Fox/Documents/Programming/quake/node_modules/depd/package.json
22 verbose installManyTop reading scoped package data from /Users/Fox/Documents/Programming/quake/node_modules/destroy/package.json
23 verbose installManyTop reading scoped package data from /Users/Fox/Documents/Programming/quake/node_modules/ee-first/package.json
24 verbose installManyTop reading scoped package data from /Users/Fox/Documents/Programming/quake/node_modules/escape-html/package.json
25 verbose installManyTop reading scoped package data from /Users/Fox/Documents/Programming/quake/node_modules/etag/package.json
26 verbose installManyTop reading scoped package data from /Users/Fox/Documents/Programming/quake/node_modules/express/package.json
27 verbose installManyTop reading scoped package data from /Users/Fox/Documents/Programming/quake/node_modules/finalhandler/package.json
28 verbose installManyTop reading scoped package data from /Users/Fox/Documents/Programming/quake/node_modules/forwarded/package.json
29 verbose installManyTop reading scoped package data from /Users/Fox/Documents/Programming/quake/node_modules/fresh/package.json
30 verbose installManyTop reading scoped package data from /Users/Fox/Documents/Programming/quake/node_modules/gulp/package.json
31 verbose installManyTop reading scoped package data from /Users/Fox/Documents/Programming/quake/node_modules/http-errors/package.json
32 verbose installManyTop reading scoped package data from /Users/Fox/Documents/Programming/quake/node_modules/inherits/package.json
33 verbose installManyTop reading scoped package data from /Users/Fox/Documents/Programming/quake/node_modules/ipaddr.js/package.json
34 verbose installManyTop reading scoped package data from /Users/Fox/Documents/Programming/quake/node_modules/media-typer/package.json
35 verbose installManyTop reading scoped package data from /Users/Fox/Documents/Programming/quake/node_modules/merge-descriptors/package.json
36 verbose installManyTop reading scoped package data from /Users/Fox/Documents/Programming/quake/node_modules/methods/package.json
37 verbose installManyTop reading scoped package data from /Users/Fox/Documents/Programming/quake/node_modules/mime/package.json
38 verbose installManyTop reading scoped package data from /Users/Fox/Documents/Programming/quake/node_modules/mime-db/package.json
39 verbose installManyTop reading scoped package data from /Users/Fox/Documents/Programming/quake/node_modules/mime-types/package.json
40 verbose installManyTop reading scoped package data from /Users/Fox/Documents/Programming/quake/node_modules/ms/package.json
41 verbose installManyTop reading scoped package data from /Users/Fox/Documents/Programming/quake/node_modules/negotiator/package.json
42 verbose installManyTop reading scoped package data from /Users/Fox/Documents/Programming/quake/node_modules/nodemon/package.json
43 verbose installManyTop reading scoped package data from /Users/Fox/Documents/Programming/quake/node_modules/npm/package.json
44 verbose installManyTop reading scoped package data from /Users/Fox/Documents/Programming/quake/node_modules/on-finished/package.json
45 verbose installManyTop reading scoped package data from /Users/Fox/Documents/Programming/quake/node_modules/parseurl/package.json
46 verbose installManyTop reading scoped package data from /Users/Fox/Documents/Programming/quake/node_modules/path/package.json
47 verbose installManyTop reading scoped package data from /Users/Fox/Documents/Programming/quake/node_modules/path-to-regexp/package.json
48 verbose installManyTop reading scoped package data from /Users/Fox/Documents/Programming/quake/node_modules/proxy-addr/package.json
49 verbose installManyTop reading scoped package data from /Users/Fox/Documents/Programming/quake/node_modules/qs/package.json
50 verbose installManyTop reading scoped package data from /Users/Fox/Documents/Programming/quake/node_modules/range-parser/package.json
51 verbose installManyTop reading scoped package data from /Users/Fox/Documents/Programming/quake/node_modules/react/package.json
52 verbose installManyTop reading scoped package data from /Users/Fox/Documents/Programming/quake/node_modules/react-dom/package.json
53 verbose installManyTop reading scoped package data from /Users/Fox/Documents/Programming/quake/node_modules/react-style/package.json
54 verbose installManyTop reading scoped package data from /Users/Fox/Documents/Programming/quake/node_modules/request/package.json
55 verbose installManyTop reading scoped package data from /Users/Fox/Documents/Programming/quake/node_modules/require/package.json
56 verbose installManyTop reading scoped package data from /Users/Fox/Documents/Programming/quake/node_modules/send/package.json
57 verbose installManyTop reading scoped package data from /Users/Fox/Documents/Programming/quake/node_modules/serve-static/package.json
58 verbose installManyTop reading scoped package data from /Users/Fox/Documents/Programming/quake/node_modules/statuses/package.json
59 verbose installManyTop reading scoped package data from /Users/Fox/Documents/Programming/quake/node_modules/topojson/package.json
60 verbose installManyTop reading scoped package data from /Users/Fox/Documents/Programming/quake/node_modules/type-is/package.json
61 verbose installManyTop reading scoped package data from /Users/Fox/Documents/Programming/quake/node_modules/unpipe/package.json
62 verbose installManyTop reading scoped package data from /Users/Fox/Documents/Programming/quake/node_modules/utils-merge/package.json
63 verbose installManyTop reading scoped package data from /Users/Fox/Documents/Programming/quake/node_modules/vary/package.json
64 verbose installManyTop reading scoped package data from /Users/Fox/Documents/Programming/quake/node_modules/vinyl-source-stream/package.json
65 verbose installManyTop reading scoped package data from /Users/Fox/Documents/Programming/quake/node_modules/watchify/package.json
66 info package.json mime@1.3.4 No license field.
67 info package.json ms@0.7.1 No license field.
68 info package.json utils-merge@1.0.0 No license field.
69 info package.json path@0.12.7 path is also the name of a node core module.
70 info package.json topojson@1.6.20 No license field.
71 info package.json apicache@0.0.12 No license field.
72 info package.json require@2.4.20 No license field.
73 verbose readDependencies loading dependencies from /Users/Fox/Documents/Programming/quake/package.json
74 silly cache add args [ 'ExecutionEnvironment', null ]
75 verbose cache add spec ExecutionEnvironment
76 silly cache add parsed spec { raw: 'ExecutionEnvironment',
76 silly cache add   scope: null,
76 silly cache add   name: 'ExecutionEnvironment',
76 silly cache add   rawSpec: '',
76 silly cache add   spec: '*',
76 silly cache add   type: 'range' }
77 silly addNamed ExecutionEnvironment@*
78 verbose addNamed "*" is a valid semver range for ExecutionEnvironment
79 silly addNameRange { name: 'ExecutionEnvironment', range: '*', hasData: false }
80 silly mapToRegistry name ExecutionEnvironment
81 silly mapToRegistry using default registry
82 silly mapToRegistry registry https://registry.npmjs.org/
83 silly mapToRegistry uri https://registry.npmjs.org/ExecutionEnvironment
84 verbose addNameRange registry:https://registry.npmjs.org/ExecutionEnvironment not in flight; fetching
85 verbose request uri https://registry.npmjs.org/ExecutionEnvironment
86 verbose request no auth needed
87 info attempt registry request try #1 at 10:37:04 PM
88 verbose request id bdb83d8fbba52651
89 http request GET https://registry.npmjs.org/ExecutionEnvironment
90 http 404 https://registry.npmjs.org/ExecutionEnvironment
91 verbose headers { 'content-type': 'application/json',
91 verbose headers   'cache-control': 'max-age=0',
91 verbose headers   'content-length': '2',
91 verbose headers   'accept-ranges': 'bytes',
91 verbose headers   date: 'Thu, 21 Jan 2016 06:37:04 GMT',
91 verbose headers   via: '1.1 varnish',
91 verbose headers   age: '0',
91 verbose headers   connection: 'keep-alive',
91 verbose headers   'x-served-by': 'cache-lax1427-LAX',
91 verbose headers   'x-cache': 'MISS',
91 verbose headers   'x-cache-hits': '0',
91 verbose headers   'x-timer': 'S1453358224.154316,VS0,VE191' }
92 silly get cb [ 404,
92 silly get   { 'content-type': 'application/json',
92 silly get     'cache-control': 'max-age=0',
92 silly get     'content-length': '2',
92 silly get     'accept-ranges': 'bytes',
92 silly get     date: 'Thu, 21 Jan 2016 06:37:04 GMT',
92 silly get     via: '1.1 varnish',
92 silly get     age: '0',
92 silly get     connection: 'keep-alive',
92 silly get     'x-served-by': 'cache-lax1427-LAX',
92 silly get     'x-cache': 'MISS',
92 silly get     'x-cache-hits': '0',
92 silly get     'x-timer': 'S1453358224.154316,VS0,VE191' } ]
93 verbose stack Error: Registry returned 404 for GET on https://registry.npmjs.org/ExecutionEnvironment
93 verbose stack     at CachingRegistryClient.<anonymous> (/usr/local/lib/node_modules/npm/node_modules/npm-registry-client/lib/request.js:239:14)
93 verbose stack     at Request._callback (/usr/local/lib/node_modules/npm/node_modules/npm-registry-client/lib/request.js:170:14)
93 verbose stack     at Request.self.callback (/usr/local/lib/node_modules/npm/node_modules/request/request.js:354:22)
93 verbose stack     at Request.emit (events.js:110:17)
93 verbose stack     at Request.<anonymous> (/usr/local/lib/node_modules/npm/node_modules/request/request.js:1207:14)
93 verbose stack     at Request.emit (events.js:129:20)
93 verbose stack     at IncomingMessage.<anonymous> (/usr/local/lib/node_modules/npm/node_modules/request/request.js:1153:12)
93 verbose stack     at IncomingMessage.emit (events.js:129:20)
93 verbose stack     at _stream_readable.js:908:16
93 verbose stack     at process._tickCallback (node.js:355:11)
94 verbose statusCode 404
95 verbose pkgid ExecutionEnvironment
96 verbose cwd /Users/Fox/Documents/Programming/quake
97 error Darwin 14.5.0
98 error argv "node" "/usr/local/bin/npm" "install" "--save" "ExecutionEnvironment"
99 error node v0.12.7
100 error npm  v2.11.3
101 error code E404
102 error 404 Registry returned 404 for GET on https://registry.npmjs.org/ExecutionEnvironment
102 error 404
102 error 404 'ExecutionEnvironment' is not in the npm registry.
102 error 404 Your package name is not valid, because
102 error 404
102 error 404  1. name can no longer contain capital letters
102 error 404 It was specified as a dependency of 'quake'
102 error 404
102 error 404 Note that you can also install from a
102 error 404 tarball, folder, http url, or git url.
103 verbose exit [ 1, true ]
